Build started 5/22/2017 9:45:56 AM.
     1>Project "C:\Users\ck121642\Desktop\C-Final\FinalProject\FinalProject\FinalProject.vcxproj" on node 2 (Build target(s)).
     1>ClCompile:
         C:\Program Files (x86)\Microsoft Visual Studio 12.0\VC\bin\CL.exe /c /ZI /nologo /W3 /WX- /sdl /Od /Oy- /D WIN32 /D _DEBUG /D _CONSOLE /D _LIB /D _UNICODE /D UNICODE /Gm /EHsc /RTC1 /MDd /GS /fp:precise /Zc:wchar_t /Zc:forScope /Fo"Debug\\" /Fd"Debug\vc120.pdb" /Gd /TP /analyze- /errorReport:prompt Source.cpp
         Source.cpp
     1>c:\users\ck121642\desktop\c-final\finalproject\finalproject\source.cpp(184): warning C4018: '<' : signed/unsigned mismatch
     1>c:\users\ck121642\desktop\c-final\finalproject\finalproject\source.cpp(343): error C2374: 'frame' : redefinition; multiple initialization
     1>C:\Program Files (x86)\MSBuild\Microsoft.Cpp\v4.0\V120\Microsoft.CppCommon.targets(341,5): error MSB6006: "CL.exe" exited with code 2.
                 c:\users\ck121642\desktop\c-final\finalproject\finalproject\source.cpp(274) : see declaration of 'frame'
     1>c:\users\ck121642\desktop\c-final\finalproject\finalproject\source.cpp(409): error C2374: 'frame' : redefinition; multiple initialization
                 c:\users\ck121642\desktop\c-final\finalproject\finalproject\source.cpp(274) : see declaration of 'frame'
     1>c:\users\ck121642\desktop\c-final\finalproject\finalproject\source.cpp(445): error C3892: 'map3' : you cannot assign to a variable that is const
     1>Done Building Project "C:\Users\ck121642\Desktop\C-Final\FinalProject\FinalProject\FinalProject.vcxproj" (Build target(s)) -- FAILED.

Build FAILED.

Time Elapsed 00:00:05.05
